

Started GET "/assets/rails.png" for 127.0.0.1 at 2012-04-19 16:25:42 -0500
Served asset /rails.png - 200 OK (16ms)


Started GET "/" for 127.0.0.1 at 2012-04-19 16:26:02 -0500

ActionController::RoutingError (No route matches [GET] "/"):
  actionpack (3.2.3) lib/action_dispatch/middleware/debug_exceptions.rb:21:in `call'
  actionpack (3.2.3) lib/action_dispatch/middleware/show_exceptions.rb:56:in `call'
  railties (3.2.3) lib/rails/rack/logger.rb:26:in `call_app'
  railties (3.2.3) lib/rails/rack/logger.rb:16:in `call'
  actionpack (3.2.3) lib/action_dispatch/middleware/request_id.rb:22:in `call'
  rack (1.4.1) lib/rack/methodoverride.rb:21:in `call'
  rack (1.4.1) lib/rack/runtime.rb:17:in `call'
  activesupport (3.2.3) lib/active_support/cache/strategy/local_cache.rb:72:in `call'
  rack (1.4.1) lib/rack/lock.rb:15:in `call'
  actionpack (3.2.3) lib/action_dispatch/middleware/static.rb:62:in `call'
  railties (3.2.3) lib/rails/engine.rb:479:in `call'
  railties (3.2.3) lib/rails/application.rb:220:in `call'
  rack (1.4.1) lib/rack/content_length.rb:14:in `call'
  railties (3.2.3) lib/rails/rack/log_tailer.rb:14:in `call'
  rack (1.4.1) lib/rack/handler/webrick.rb:59:in `service'
  /Users/pbrousalis/.rvm/rubies/ruby-1.9.2-p318/lib/ruby/1.9.1/webrick/httpserver.rb:111:in `service'
  /Users/pbrousalis/.rvm/rubies/ruby-1.9.2-p318/lib/ruby/1.9.1/webrick/httpserver.rb:70:in `run'
  /Users/pbrousalis/.rvm/rubies/ruby-1.9.2-p318/lib/ruby/1.9.1/webrick/server.rb:183:in `block in start_thread'


  Rendered /Users/pbrousalis/.rvm/gems/ruby-1.9.2-p318/gems/actionpack-3.2.3/lib/action_dispatch/middleware/templates/rescues/routing_error.erb within rescues/layout (5.1ms)


Started GET "/" for 127.0.0.1 at 2012-04-19 16:26:53 -0500

ActionController::RoutingError (uninitialized constant HomeController):
  activesupport (3.2.3) lib/active_support/inflector/methods.rb:229:in `block in constantize'
  activesupport (3.2.3) lib/active_support/inflector/methods.rb:228:in `each'
  activesupport (3.2.3) lib/active_support/inflector/methods.rb:228:in `constantize'
  actionpack (3.2.3) lib/action_dispatch/routing/route_set.rb:69:in `controller_reference'
  actionpack (3.2.3) lib/action_dispatch/routing/route_set.rb:54:in `controller'
  actionpack (3.2.3) lib/action_dispatch/routing/route_set.rb:32:in `call'
  journey (1.0.3) lib/journey/router.rb:68:in `block in call'
  journey (1.0.3) lib/journey/router.rb:56:in `each'
  journey (1.0.3) lib/journey/router.rb:56:in `call'
  actionpack (3.2.3) lib/action_dispatch/routing/route_set.rb:600:in `call'
  actionpack (3.2.3) lib/action_dispatch/middleware/best_standards_support.rb:17:in `call'
  rack (1.4.1) lib/rack/etag.rb:23:in `call'
  rack (1.4.1) lib/rack/conditionalget.rb:25:in `call'
  actionpack (3.2.3) lib/action_dispatch/middleware/head.rb:14:in `call'
  actionpack (3.2.3) lib/action_dispatch/middleware/params_parser.rb:21:in `call'
  actionpack (3.2.3) lib/action_dispatch/middleware/flash.rb:242:in `call'
  rack (1.4.1) lib/rack/session/abstract/id.rb:205:in `context'
  rack (1.4.1) lib/rack/session/abstract/id.rb:200:in `call'
  actionpack (3.2.3) lib/action_dispatch/middleware/cookies.rb:338:in `call'
  activerecord (3.2.3) lib/active_record/query_cache.rb:64:in `call'
  activerecord (3.2.3) lib/active_record/connection_adapters/abstract/connection_pool.rb:467:in `call'
  actionpack (3.2.3) lib/action_dispatch/middleware/callbacks.rb:28:in `block in call'
  activesupport (3.2.3) lib/active_support/callbacks.rb:405:in `_run__2620755150350932045__call__263390859071986496__callbacks'
  activesupport (3.2.3) lib/active_support/callbacks.rb:405:in `__run_callback'
  activesupport (3.2.3) lib/active_support/callbacks.rb:385:in `_run_call_callbacks'
  activesupport (3.2.3) lib/active_support/callbacks.rb:81:in `run_callbacks'
  actionpack (3.2.3) lib/action_dispatch/middleware/callbacks.rb:27:in `call'
  actionpack (3.2.3) lib/action_dispatch/middleware/reloader.rb:65:in `call'
  actionpack (3.2.3) lib/action_dispatch/middleware/remote_ip.rb:31:in `call'
  actionpack (3.2.3) lib/action_dispatch/middleware/debug_exceptions.rb:16:in `call'
  actionpack (3.2.3) lib/action_dispatch/middleware/show_exceptions.rb:56:in `call'
  railties (3.2.3) lib/rails/rack/logger.rb:26:in `call_app'
  railties (3.2.3) lib/rails/rack/logger.rb:16:in `call'
  actionpack (3.2.3) lib/action_dispatch/middleware/request_id.rb:22:in `call'
  rack (1.4.1) lib/rack/methodoverride.rb:21:in `call'
  rack (1.4.1) lib/rack/runtime.rb:17:in `call'
  activesupport (3.2.3) lib/active_support/cache/strategy/local_cache.rb:72:in `call'
  rack (1.4.1) lib/rack/lock.rb:15:in `call'
  actionpack (3.2.3) lib/action_dispatch/middleware/static.rb:62:in `call'
  railties (3.2.3) lib/rails/engine.rb:479:in `call'
  railties (3.2.3) lib/rails/application.rb:220:in `call'
  rack (1.4.1) lib/rack/content_length.rb:14:in `call'
  railties (3.2.3) lib/rails/rack/log_tailer.rb:14:in `call'
  rack (1.4.1) lib/rack/handler/webrick.rb:59:in `service'
  /Users/pbrousalis/.rvm/rubies/ruby-1.9.2-p318/lib/ruby/1.9.1/webrick/httpserver.rb:111:in `service'
  /Users/pbrousalis/.rvm/rubies/ruby-1.9.2-p318/lib/ruby/1.9.1/webrick/httpserver.rb:70:in `run'
  /Users/pbrousalis/.rvm/rubies/ruby-1.9.2-p318/lib/ruby/1.9.1/webrick/server.rb:183:in `block in start_thread'


  Rendered /Users/pbrousalis/.rvm/gems/ruby-1.9.2-p318/gems/actionpack-3.2.3/lib/action_dispatch/middleware/templates/rescues/routing_error.erb within rescues/layout (1.7ms)


Started GET "/" for 127.0.0.1 at 2012-04-19 16:26:55 -0500

ActionController::RoutingError (uninitialized constant HomeController):
  activesupport (3.2.3) lib/active_support/inflector/methods.rb:229:in `block in constantize'
  activesupport (3.2.3) lib/active_support/inflector/methods.rb:228:in `each'
  activesupport (3.2.3) lib/active_support/inflector/methods.rb:228:in `constantize'
  actionpack (3.2.3) lib/action_dispatch/routing/route_set.rb:69:in `controller_reference'
  actionpack (3.2.3) lib/action_dispatch/routing/route_set.rb:54:in `controller'
  actionpack (3.2.3) lib/action_dispatch/routing/route_set.rb:32:in `call'
  journey (1.0.3) lib/journey/router.rb:68:in `block in call'
  journey (1.0.3) lib/journey/router.rb:56:in `each'
  journey (1.0.3) lib/journey/router.rb:56:in `call'
  actionpack (3.2.3) lib/action_dispatch/routing/route_set.rb:600:in `call'
  actionpack (3.2.3) lib/action_dispatch/middleware/best_standards_support.rb:17:in `call'
  rack (1.4.1) lib/rack/etag.rb:23:in `call'
  rack (1.4.1) lib/rack/conditionalget.rb:25:in `call'
  actionpack (3.2.3) lib/action_dispatch/middleware/head.rb:14:in `call'
  actionpack (3.2.3) lib/action_dispatch/middleware/params_parser.rb:21:in `call'
  actionpack (3.2.3) lib/action_dispatch/middleware/flash.rb:242:in `call'
  rack (1.4.1) lib/rack/session/abstract/id.rb:205:in `context'
  rack (1.4.1) lib/rack/session/abstract/id.rb:200:in `call'
  actionpack (3.2.3) lib/action_dispatch/middleware/cookies.rb:338:in `call'
  activerecord (3.2.3) lib/active_record/query_cache.rb:64:in `call'
  activerecord (3.2.3) lib/active_record/connection_adapters/abstract/connection_pool.rb:467:in `call'
  actionpack (3.2.3) lib/action_dispatch/middleware/callbacks.rb:28:in `block in call'
  activesupport (3.2.3) lib/active_support/callbacks.rb:405:in `_run__2620755150350932045__call__263390859071986496__callbacks'
  activesupport (3.2.3) lib/active_support/callbacks.rb:405:in `__run_callback'
  activesupport (3.2.3) lib/active_support/callbacks.rb:385:in `_run_call_callbacks'
  activesupport (3.2.3) lib/active_support/callbacks.rb:81:in `run_callbacks'
  actionpack (3.2.3) lib/action_dispatch/middleware/callbacks.rb:27:in `call'
  actionpack (3.2.3) lib/action_dispatch/middleware/reloader.rb:65:in `call'
  actionpack (3.2.3) lib/action_dispatch/middleware/remote_ip.rb:31:in `call'
  actionpack (3.2.3) lib/action_dispatch/middleware/debug_exceptions.rb:16:in `call'
  actionpack (3.2.3) lib/action_dispatch/middleware/show_exceptions.rb:56:in `call'
  railties (3.2.3) lib/rails/rack/logger.rb:26:in `call_app'
  railties (3.2.3) lib/rails/rack/logger.rb:16:in `call'
  actionpack (3.2.3) lib/action_dispatch/middleware/request_id.rb:22:in `call'
  rack (1.4.1) lib/rack/methodoverride.rb:21:in `call'
  rack (1.4.1) lib/rack/runtime.rb:17:in `call'
  activesupport (3.2.3) lib/active_support/cache/strategy/local_cache.rb:72:in `call'
  rack (1.4.1) lib/rack/lock.rb:15:in `call'
  actionpack (3.2.3) lib/action_dispatch/middleware/static.rb:62:in `call'
  railties (3.2.3) lib/rails/engine.rb:479:in `call'
  railties (3.2.3) lib/rails/application.rb:220:in `call'
  rack (1.4.1) lib/rack/content_length.rb:14:in `call'
  railties (3.2.3) lib/rails/rack/log_tailer.rb:14:in `call'
  rack (1.4.1) lib/rack/handler/webrick.rb:59:in `service'
  /Users/pbrousalis/.rvm/rubies/ruby-1.9.2-p318/lib/ruby/1.9.1/webrick/httpserver.rb:111:in `service'
  /Users/pbrousalis/.rvm/rubies/ruby-1.9.2-p318/lib/ruby/1.9.1/webrick/httpserver.rb:70:in `run'
  /Users/pbrousalis/.rvm/rubies/ruby-1.9.2-p318/lib/ruby/1.9.1/webrick/server.rb:183:in `block in start_thread'


  Rendered /Users/pbrousalis/.rvm/gems/ruby-1.9.2-p318/gems/actionpack-3.2.3/lib/action_dispatch/middleware/templates/rescues/routing_error.erb within rescues/layout (2.1ms)


Started GET "/" for 127.0.0.1 at 2012-04-19 16:27:46 -0500
Processing by HomeController#index as HTML
  Rendered home/index.html.erb within layouts/application (1.2ms)
Compiled jquery.js  (3ms)  (pid 42541)
Compiled jquery_ujs.js  (1ms)  (pid 42541)
Compiled jqconsole-2.7.min.js  (1ms)  (pid 42541)
Compiled application.js  (144ms)  (pid 42541)
Completed 200 OK in 348ms (Views: 346.9ms | ActiveRecord: 0.0ms)


Started GET "/assets/jquery_ujs.js?body=1" for 127.0.0.1 at 2012-04-19 16:27:46 -0500
Served asset /jquery_ujs.js - 200 OK (29ms)


Started GET "/assets/application.js?body=1" for 127.0.0.1 at 2012-04-19 16:27:46 -0500
Served asset /application.js - 200 OK (30ms)


Started GET "/assets/jqconsole-2.7.min.js?body=1" for 127.0.0.1 at 2012-04-19 16:27:46 -0500
Served asset /jqconsole-2.7.min.js - 200 OK (8ms)


Started GET "/assets/jquery.js?body=1" for 127.0.0.1 at 2012-04-19 16:27:46 -0500
Served asset /jquery.js - 200 OK (18ms)


Started GET "/" for 127.0.0.1 at 2012-04-19 16:30:30 -0500
Processing by HomeController#index as HTML
  Rendered home/index.html.erb within layouts/application (0.1ms)
Completed 200 OK in 18ms (Views: 17.0ms | ActiveRecord: 0.0ms)


Started GET "/assets/application.js?body=1" for 127.0.0.1 at 2012-04-19 16:30:30 -0500
Served asset /application.js - 304 Not Modified (3ms)


Started GET "/assets/jqconsole-2.7.min.js?body=1" for 127.0.0.1 at 2012-04-19 16:30:30 -0500
Served asset /jqconsole-2.7.min.js - 304 Not Modified (0ms)


Started GET "/assets/jquery_ujs.js?body=1" for 127.0.0.1 at 2012-04-19 16:30:30 -0500
Served asset /jquery_ujs.js - 304 Not Modified (0ms)


Started GET "/assets/jquery.js?body=1" for 127.0.0.1 at 2012-04-19 16:30:30 -0500
Served asset /jquery.js - 304 Not Modified (0ms)


Started GET "/" for 127.0.0.1 at 2012-04-19 16:30:48 -0500
Processing by HomeController#index as HTML
  Rendered home/index.html.erb within layouts/application (0.1ms)
Completed 200 OK in 17ms (Views: 15.8ms | ActiveRecord: 0.0ms)


Started GET "/assets/jquery_ujs.js?body=1" for 127.0.0.1 at 2012-04-19 16:30:48 -0500
Served asset /jquery_ujs.js - 304 Not Modified (0ms)


Started GET "/assets/jqconsole-2.7.min.js?body=1" for 127.0.0.1 at 2012-04-19 16:30:48 -0500
Served asset /jqconsole-2.7.min.js - 304 Not Modified (0ms)


Started GET "/assets/application.js?body=1" for 127.0.0.1 at 2012-04-19 16:30:48 -0500
Served asset /application.js - 304 Not Modified (3ms)


Started GET "/assets/jquery.js?body=1" for 127.0.0.1 at 2012-04-19 16:30:48 -0500
Served asset /jquery.js - 304 Not Modified (0ms)


Started GET "/" for 127.0.0.1 at 2012-04-19 16:31:01 -0500
Processing by HomeController#index as HTML
  Rendered home/index.html.erb within layouts/application (0.1ms)
Completed 200 OK in 18ms (Views: 17.1ms | ActiveRecord: 0.0ms)


Started GET "/assets/jquery.js?body=1" for 127.0.0.1 at 2012-04-19 16:31:01 -0500
Served asset /jquery.js - 304 Not Modified (0ms)


Started GET "/assets/application.js?body=1" for 127.0.0.1 at 2012-04-19 16:31:01 -0500
Served asset /application.js - 304 Not Modified (3ms)


Started GET "/assets/jquery_ujs.js?body=1" for 127.0.0.1 at 2012-04-19 16:31:02 -0500
Served asset /jquery_ujs.js - 304 Not Modified (0ms)


Started GET "/assets/jqconsole-2.7.min.js?body=1" for 127.0.0.1 at 2012-04-19 16:31:02 -0500
Served asset /jqconsole-2.7.min.js - 304 Not Modified (0ms)


Started GET "/" for 127.0.0.1 at 2012-04-19 16:31:09 -0500
Processing by HomeController#index as HTML
  Rendered home/index.html.erb within layouts/application (0.4ms)
Completed 200 OK in 19ms (Views: 18.1ms | ActiveRecord: 0.0ms)


Started GET "/assets/jquery_ujs.js?body=1" for 127.0.0.1 at 2012-04-19 16:31:09 -0500
Served asset /jquery_ujs.js - 304 Not Modified (1ms)


Started GET "/assets/application.js?body=1" for 127.0.0.1 at 2012-04-19 16:31:09 -0500
Served asset /application.js - 304 Not Modified (4ms)


Started GET "/assets/jqconsole-2.7.min.js?body=1" for 127.0.0.1 at 2012-04-19 16:31:09 -0500
Served asset /jqconsole-2.7.min.js - 304 Not Modified (3ms)


Started GET "/assets/jquery.js?body=1" for 127.0.0.1 at 2012-04-19 16:31:09 -0500
Served asset /jquery.js - 304 Not Modified (0ms)


Started GET "/" for 127.0.0.1 at 2012-04-19 16:31:14 -0500
Processing by HomeController#index as HTML
  Rendered home/index.html.erb within layouts/application (0.1ms)
Completed 200 OK in 17ms (Views: 16.0ms | ActiveRecord: 0.0ms)


Started GET "/assets/jquery.js?body=1" for 127.0.0.1 at 2012-04-19 16:31:14 -0500
Served asset /jquery.js - 304 Not Modified (0ms)


Started GET "/assets/jqconsole-2.7.min.js?body=1" for 127.0.0.1 at 2012-04-19 16:31:14 -0500
Served asset /jqconsole-2.7.min.js - 304 Not Modified (0ms)


Started GET "/assets/jquery_ujs.js?body=1" for 127.0.0.1 at 2012-04-19 16:31:14 -0500
Served asset /jquery_ujs.js - 304 Not Modified (1ms)


Started GET "/assets/application.js?body=1" for 127.0.0.1 at 2012-04-19 16:31:14 -0500
Served asset /application.js - 304 Not Modified (3ms)


Started GET "/" for 127.0.0.1 at 2012-04-19 16:31:29 -0500
Processing by HomeController#index as HTML
  Rendered home/index.html.erb within layouts/application (0.1ms)
Completed 200 OK in 17ms (Views: 15.8ms | ActiveRecord: 0.0ms)


Started GET "/assets/jquery_ujs.js?body=1" for 127.0.0.1 at 2012-04-19 16:31:29 -0500
Served asset /jquery_ujs.js - 304 Not Modified (0ms)


Started GET "/assets/jquery.js?body=1" for 127.0.0.1 at 2012-04-19 16:31:29 -0500
Served asset /jquery.js - 304 Not Modified (1ms)


Started GET "/assets/application.js?body=1" for 127.0.0.1 at 2012-04-19 16:31:29 -0500
Served asset /application.js - 304 Not Modified (84ms)


Started GET "/assets/jqconsole-2.7.min.js?body=1" for 127.0.0.1 at 2012-04-19 16:31:29 -0500
Served asset /jqconsole-2.7.min.js - 304 Not Modified (1ms)


Started GET "/" for 127.0.0.1 at 2012-04-19 16:33:16 -0500
Processing by HomeController#index as HTML
  Rendered home/index.html.erb within layouts/application (0.1ms)
Compiled application.css  (4ms)  (pid 42541)
Compiled application.js  (33ms)  (pid 42541)
Completed 200 OK in 330ms (Views: 327.8ms | ActiveRecord: 0.0ms)


Started GET "/assets/jquery.js?body=1" for 127.0.0.1 at 2012-04-19 16:33:16 -0500
Served asset /jquery.js - 304 Not Modified (0ms)


Started GET "/assets/jquery_ujs.js?body=1" for 127.0.0.1 at 2012-04-19 16:33:16 -0500
Served asset /jquery_ujs.js - 304 Not Modified (0ms)


Started GET "/assets/jqconsole-2.7.min.js?body=1" for 127.0.0.1 at 2012-04-19 16:33:16 -0500
Served asset /jqconsole-2.7.min.js - 304 Not Modified (0ms)


Started GET "/assets/application.js?body=1" for 127.0.0.1 at 2012-04-19 16:33:16 -0500
Served asset /application.js - 200 OK (133ms)


Started GET "/assets/application.css?body=1" for 127.0.0.1 at 2012-04-19 16:33:16 -0500
Served asset /application.css - 200 OK (11ms)


Started GET "/" for 127.0.0.1 at 2012-04-19 16:33:27 -0500
Processing by HomeController#index as HTML
  Rendered home/index.html.erb within layouts/application (0.1ms)
Compiled application.css  (4ms)  (pid 42541)
Completed 200 OK in 135ms (Views: 134.5ms | ActiveRecord: 0.0ms)


Started GET "/assets/jquery_ujs.js?body=1" for 127.0.0.1 at 2012-04-19 16:33:27 -0500
Served asset /jquery_ujs.js - 304 Not Modified (0ms)


Started GET "/assets/jquery.js?body=1" for 127.0.0.1 at 2012-04-19 16:33:27 -0500
Served asset /jquery.js - 304 Not Modified (0ms)


Started GET "/assets/application.css?body=1" for 127.0.0.1 at 2012-04-19 16:33:27 -0500
Served asset /application.css - 200 OK (19ms)


Started GET "/assets/jqconsole-2.7.min.js?body=1" for 127.0.0.1 at 2012-04-19 16:33:27 -0500
Served asset /jqconsole-2.7.min.js - 304 Not Modified (0ms)


Started GET "/assets/application.js?body=1" for 127.0.0.1 at 2012-04-19 16:33:27 -0500
Served asset /application.js - 304 Not Modified (120ms)


Started GET "/" for 127.0.0.1 at 2012-04-19 16:33:30 -0500
Processing by HomeController#index as HTML
  Rendered home/index.html.erb within layouts/application (0.1ms)
Compiled application.css  (4ms)  (pid 42541)
Completed 200 OK in 55ms (Views: 54.6ms | ActiveRecord: 0.0ms)


Started GET "/assets/jquery_ujs.js?body=1" for 127.0.0.1 at 2012-04-19 16:33:30 -0500
Served asset /jquery_ujs.js - 304 Not Modified (0ms)


Started GET "/assets/application.js?body=1" for 127.0.0.1 at 2012-04-19 16:33:31 -0500
Served asset /application.js - 304 Not Modified (3ms)


Started GET "/assets/jquery.js?body=1" for 127.0.0.1 at 2012-04-19 16:33:31 -0500
Served asset /jquery.js - 304 Not Modified (0ms)


Started GET "/assets/application.css?body=1" for 127.0.0.1 at 2012-04-19 16:33:31 -0500
Served asset /application.css - 200 OK (14ms)


Started GET "/assets/jqconsole-2.7.min.js?body=1" for 127.0.0.1 at 2012-04-19 16:33:31 -0500
Served asset /jqconsole-2.7.min.js - 304 Not Modified (0ms)
